# JRE version: Java(TM) SE Runtime Environment (8.0_201-b09) (build 1.8.0_201-b09)
# Java VM: Java HotSpot(TM) 64-Bit Server VM (25.201-b09 mixed mode linux-amd64 compressed oops)
Heap:
 PSYoungGen      total 130048K, used 5104K [0x00000000d7b00000, 0x00000000dff00000, 0x0000000100000000)
  eden space 124928K, 0% used [0x00000000d7b00000,0x00000000d7b00000,0x00000000df500000)
  from space 5120K, 99% used [0x00000000df500000,0x00000000df9fc030,0x00000000dfa00000)
  to   space 5120K, 0% used [0x00000000dfa00000,0x00000000dfa00000,0x00000000dff00000)
 ParOldGen       total 83456K, used 23872K [0x0000000087000000, 0x000000008c180000, 0x00000000d7b00000)
  object space 83456K, 28% used [0x0000000087000000,0x00000000887501c0,0x000000008c180000)
 Metaspace       used 20628K, capacity 21100K, committed 21296K, reserved 1069056K
  class space    used 2434K, capacity 2592K, committed 2688K, reserved 1048576K
GC Heap History (9 events):
Event: 0.454 GC heap before
{Heap before GC invocations=1 (full 0):
 PSYoungGen      total 36352K, used 31232K [0x00000000d7b00000, 0x00000000da380000, 0x0000000100000000)
  eden space 31232K, 100% used [0x00000000d7b00000,0x00000000d9980000,0x00000000d9980000)
  from space 5120K, 0% used [0x00000000d9e80000,0x00000000d9e80000,0x00000000da380000)
  to   space 5120K, 0% used [0x00000000d9980000,0x00000000d9980000,0x00000000d9e80000)
 ParOldGen       total 83456K, used 0K [0x0000000087000000, 0x000000008c180000, 0x00000000d7b00000)
  object space 83456K, 0% used [0x0000000087000000,0x0000000087000000,0x000000008c180000)
 Metaspace       used 7893K, capacity 8060K, committed 8320K, reserved 1056768K
  class space    used 991K, capacity 1048K, committed 1152K, reserved 1048576K
Event: 0.460 GC heap after
Heap after GC invocations=1 (full 0):
 PSYoungGen      total 36352K, used 4750K [0x00000000d7b00000, 0x00000000dc200000, 0x0000000100000000)
  eden space 31232K, 0% used [0x00000000d7b00000,0x00000000d7b00000,0x00000000d9980000)
  from space 5120K, 92% used [0x00000000d9980000,0x00000000d9e23bb8,0x00000000d9e80000)
  to   space 5120K, 0% used [0x00000000dbd00000,0x00000000dbd00000,0x00000000dc200000)
 ParOldGen       total 83456K, used 16K [0x0000000087000000, 0x000000008c180000, 0x00000000d7b00000)
  object space 83456K, 0% used [0x0000000087000000,0x0000000087004000,0x000000008c180000)
 Metaspace       used 7893K, capacity 8060K, committed 8320K, reserved 1056768K
  class space    used 991K, capacity 1048K, committed 1152K, reserved 1048576K
}
Event: 0.934 GC heap before
{Heap before GC invocations=2 (full 0):
 PSYoungGen      total 36352K, used 35982K [0x00000000d7b00000, 0x00000000dc200000, 0x0000000100000000)
  eden space 31232K, 100% used [0x00000000d7b00000,0x00000000d9980000,0x00000000d9980000)
  from space 5120K, 92% used [0x00000000d9980000,0x00000000d9e23bb8,0x00000000d9e80000)
  to   space 5120K, 0% used [0x00000000dbd00000,0x00000000dbd00000,0x00000000dc200000)
 ParOldGen       total 83456K, used 16K [0x0000000087000000, 0x000000008c180000, 0x00000000d7b00000)
  object space 83456K, 0% used [0x0000000087000000,0x0000000087004000,0x000000008c180000)
 Metaspace       used 12023K, capacity 12200K, committed 12416K, reserved 1060864K
  class space    used 1510K, capacity 1572K, committed 1664K, reserved 1048576K
Event: 0.949 GC heap after
Heap after GC invocations=2 (full 0):
 PSYoungGen      total 67584K, used 5118K [0x00000000d7b00000, 0x00000000dc200000, 0x0000000100000000)
  eden space 62464K, 0% used [0x00000000d7b00000,0x00000000d7b00000,0x00000000db800000)
  from space 5120K, 99% used [0x00000000dbd00000,0x00000000dc1ff8f8,0x00000000dc200000)
  to   space 5120K, 0% used [0x00000000db800000,0x00000000db800000,0x00000000dbd00000)
 ParOldGen       total 83456K, used 2281K [0x0000000087000000, 0x000000008c180000, 0x00000000d7b00000)
  object space 83456K, 2% used [0x0000000087000000,0x000000008723a418,0x000000008c180000)
 Metaspace       used 12023K, capacity 12200K, committed 12416K, reserved 1060864K
  class space    used 1510K, capacity 1572K, committed 1664K, reserved 1048576K
}
Event: 1.930 GC heap before
{Heap before GC invocations=3 (full 0):
 PSYoungGen      total 67584K, used 67582K [0x00000000d7b00000, 0x00000000dc200000, 0x0000000100000000)
  eden space 62464K, 100% used [0x00000000d7b00000,0x00000000db800000,0x00000000db800000)
  from space 5120K, 99% used [0x00000000dbd00000,0x00000000dc1ff8f8,0x00000000dc200000)
  to   space 5120K, 0% used [0x00000000db800000,0x00000000db800000,0x00000000dbd00000)
 ParOldGen       total 83456K, used 2281K [0x0000000087000000, 0x000000008c180000, 0x00000000d7b00000)
  object space 83456K, 2% used [0x0000000087000000,0x000000008723a418,0x000000008c180000)
 Metaspace       used 15910K, capacity 16148K, committed 16384K, reserved 1062912K
  class space    used 1934K, capacity 2037K, committed 2048K, reserved 1048576K
Event: 1.943 GC heap after
Heap after GC invocations=3 (full 0):
 PSYoungGen      total 67584K, used 5104K [0x00000000d7b00000, 0x00000000dff00000, 0x0000000100000000)
  eden space 62464K, 0% used [0x00000000d7b00000,0x00000000d7b00000,0x00000000db800000)
  from space 5120K, 99% used [0x00000000db800000,0x00000000dbcfc030,0x00000000dbd00000)
  to   space 5120K, 0% used [0x00000000dfa00000,0x00000000dfa00000,0x00000000dff00000)
 ParOldGen       total 83456K, used 7195K [0x0000000087000000, 0x000000008c180000, 0x00000000d7b00000)
  object space 83456K, 8% used [0x0000000087000000,0x0000000087706e90,0x000000008c180000)
 Metaspace       used 15910K, capacity 16148K, committed 16384K, reserved 1062912K
  class space    used 1934K, capacity 2037K, committed 2048K, reserved 1048576K
}
Event: 2.288 GC heap before
{Heap before GC invocations=4 (full 0):
 PSYoungGen      total 67584K, used 67568K [0x00000000d7b00000, 0x00000000dff00000, 0x0000000100000000)
  eden space 62464K, 100% used [0x00000000d7b00000,0x00000000db800000,0x00000000db800000)
  from space 5120K, 99% used [0x00000000db800000,0x00000000dbcfc030,0x00000000dbd00000)
  to   space 5120K, 0% used [0x00000000dfa00000,0x00000000dfa00000,0x00000000dff00000)
 ParOldGen       total 83456K, used 7195K [0x0000000087000000, 0x000000008c180000, 0x00000000d7b00000)
  object space 83456K, 8% used [0x0000000087000000,0x0000000087706e90,0x000000008c180000)
 Metaspace       used 16600K, capacity 16904K, committed 17280K, reserved 1064960K
  class space    used 1974K, capacity 2074K, committed 2176K, reserved 1048576K
Event: 2.302 GC heap after
Heap after GC invocations=4 (full 0):
 PSYoungGen      total 130048K, used 5104K [0x00000000d7b00000, 0x00000000dff00000, 0x0000000100000000)
  eden space 124928K, 0% used [0x00000000d7b00000,0x00000000d7b00000,0x00000000df500000)
  from space 5120K, 99% used [0x00000000dfa00000,0x00000000dfefc010,0x00000000dff00000)
  to   space 5120K, 0% used [0x00000000df500000,0x00000000df500000,0x00000000dfa00000)
 ParOldGen       total 83456K, used 13980K [0x0000000087000000, 0x000000008c180000, 0x00000000d7b00000)
  object space 83456K, 16% used [0x0000000087000000,0x0000000087da73f8,0x000000008c180000)
 Metaspace       used 16600K, capacity 16904K, committed 17280K, reserved 1064960K
  class space    used 1974K, capacity 2074K, committed 2176K, reserved 1048576K
}
Event: 3.346 GC heap before
{Heap before GC invocations=5 (full 0):
 PSYoungGen      total 130048K, used 126565K [0x00000000d7b00000, 0x00000000dff00000, 0x0000000100000000)
  eden space 124928K, 97% used [0x00000000d7b00000,0x00000000df19d768,0x00000000df500000)
  from space 5120K, 99% used [0x00000000dfa00000,0x00000000dfefc010,0x00000000dff00000)
  to   space 5120K, 0% used [0x00000000df500000,0x00000000df500000,0x00000000dfa00000)
 ParOldGen       total 83456K, used 13980K [0x0000000087000000, 0x000000008c180000, 0x00000000d7b00000)
  object space 83456K, 16% used [0x0000000087000000,0x0000000087da73f8,0x000000008c180000)
 Metaspace       used 20628K, capacity 21100K, committed 21296K, reserved 1069056K
  class space    used 2434K, capacity 2592K, committed 2688K, reserved 1048576K

